<?xml version="1.0" encoding="UTF-8"?>
<testsuite xmlns:xsi="http://www.w3.org/2001/XMLSchema-instance" xsi:noNamespaceSchemaLocation="https://maven.apache.org/surefire/maven-surefire-plugin/xsd/surefire-test-report.xsd" name="TestSuite" time="14.779" tests="1" errors="0" skipped="0" failures="0">
  <properties>
    <property name="sun.desktop" value="windows"/>
    <property name="awt.toolkit" value="sun.awt.windows.WToolkit"/>
    <property name="file.encoding.pkg" value="sun.io"/>
    <property name="java.specification.version" value="1.8"/>
    <property name="sun.cpu.isalist" value="amd64"/>
    <property name="sun.jnu.encoding" value="GBK"/>
    <property name="java.class.path" value="d:\gitCode\maple\target\test-classes;d:\gitCode\maple\target\classes;D:\maven3.3.9\repository\org\testng\testng\6.14.2\testng-6.14.2.jar;D:\maven3.3.9\repository\com\beust\jcommander\1.72\jcommander-1.72.jar;D:\maven3.3.9\repository\org\apache-extras\beanshell\bsh\2.0b6\bsh-2.0b6.jar;D:\maven3.3.9\repository\io\appium\java-client\6.0.0-BETA4\java-client-6.0.0-BETA4.jar;D:\maven3.3.9\repository\org\seleniumhq\selenium\selenium-java\3.9.1\selenium-java-3.9.1.jar;D:\maven3.3.9\repository\org\seleniumhq\selenium\selenium-chrome-driver\3.9.1\selenium-chrome-driver-3.9.1.jar;D:\maven3.3.9\repository\org\seleniumhq\selenium\selenium-edge-driver\3.9.1\selenium-edge-driver-3.9.1.jar;D:\maven3.3.9\repository\org\seleniumhq\selenium\selenium-firefox-driver\3.9.1\selenium-firefox-driver-3.9.1.jar;D:\maven3.3.9\repository\org\seleniumhq\selenium\selenium-ie-driver\3.9.1\selenium-ie-driver-3.9.1.jar;D:\maven3.3.9\repository\org\seleniumhq\selenium\selenium-opera-driver\3.9.1\selenium-opera-driver-3.9.1.jar;D:\maven3.3.9\repository\org\seleniumhq\selenium\selenium-safari-driver\3.9.1\selenium-safari-driver-3.9.1.jar;D:\maven3.3.9\repository\org\seleniumhq\selenium\selenium-support\3.9.1\selenium-support-3.9.1.jar;D:\maven3.3.9\repository\org\seleniumhq\selenium\selenium-api\3.9.1\selenium-api-3.9.1.jar;D:\maven3.3.9\repository\org\apache\httpcomponents\httpclient\4.5.5\httpclient-4.5.5.jar;D:\maven3.3.9\repository\cglib\cglib\3.2.6\cglib-3.2.6.jar;D:\maven3.3.9\repository\org\ow2\asm\asm\6.0\asm-6.0.jar;D:\maven3.3.9\repository\org\apache\ant\ant\1.9.6\ant-1.9.6.jar;D:\maven3.3.9\repository\org\apache\ant\ant-launcher\1.9.6\ant-launcher-1.9.6.jar;D:\maven3.3.9\repository\commons-validator\commons-validator\1.6\commons-validator-1.6.jar;D:\maven3.3.9\repository\commons-beanutils\commons-beanutils\1.9.2\commons-beanutils-1.9.2.jar;D:\maven3.3.9\repository\commons-digester\commons-digester\1.8.1\commons-digester-1.8.1.jar;D:\maven3.3.9\repository\commons-collections\commons-collections\3.2.2\commons-collections-3.2.2.jar;D:\maven3.3.9\repository\org\apache\commons\commons-lang3\3.7\commons-lang3-3.7.jar;D:\maven3.3.9\repository\commons-io\commons-io\2.6\commons-io-2.6.jar;D:\maven3.3.9\repository\org\springframework\spring-context\5.0.3.RELEASE\spring-context-5.0.3.RELEASE.jar;D:\maven3.3.9\repository\org\springframework\spring-aop\5.0.3.RELEASE\spring-aop-5.0.3.RELEASE.jar;D:\maven3.3.9\repository\org\springframework\spring-beans\5.0.3.RELEASE\spring-beans-5.0.3.RELEASE.jar;D:\maven3.3.9\repository\org\springframework\spring-core\5.0.3.RELEASE\spring-core-5.0.3.RELEASE.jar;D:\maven3.3.9\repository\org\springframework\spring-jcl\5.0.3.RELEASE\spring-jcl-5.0.3.RELEASE.jar;D:\maven3.3.9\repository\org\springframework\spring-expression\5.0.3.RELEASE\spring-expression-5.0.3.RELEASE.jar;D:\maven3.3.9\repository\org\aspectj\aspectjweaver\1.8.13\aspectjweaver-1.8.13.jar;D:\maven3.3.9\repository\org\openpnp\opencv\3.2.0-1\opencv-3.2.0-1.jar;D:\maven3.3.9\repository\org\seleniumhq\selenium\selenium-remote-driver\3.10.0\selenium-remote-driver-3.10.0.jar;D:\maven3.3.9\repository\net\bytebuddy\byte-buddy\1.7.9\byte-buddy-1.7.9.jar;D:\maven3.3.9\repository\org\apache\commons\commons-exec\1.3\commons-exec-1.3.jar;D:\maven3.3.9\repository\commons-codec\commons-codec\1.10\commons-codec-1.10.jar;D:\maven3.3.9\repository\commons-logging\commons-logging\1.2\commons-logging-1.2.jar;D:\maven3.3.9\repository\com\google\guava\guava\23.6-jre\guava-23.6-jre.jar;D:\maven3.3.9\repository\com\google\code\findbugs\jsr305\1.3.9\jsr305-1.3.9.jar;D:\maven3.3.9\repository\org\checkerframework\checker-compat-qual\2.0.0\checker-compat-qual-2.0.0.jar;D:\maven3.3.9\repository\com\google\errorprone\error_prone_annotations\2.1.3\error_prone_annotations-2.1.3.jar;D:\maven3.3.9\repository\com\google\j2objc\j2objc-annotations\1.1\j2objc-annotations-1.1.jar;D:\maven3.3.9\repository\org\codehaus\mojo\animal-sniffer-annotations\1.14\animal-sniffer-annotations-1.14.jar;D:\maven3.3.9\repository\org\apache\httpcomponents\httpcore\4.4.6\httpcore-4.4.6.jar;D:\maven3.3.9\repository\com\squareup\okhttp3\okhttp\3.9.1\okhttp-3.9.1.jar;D:\maven3.3.9\repository\com\squareup\okio\okio\1.13.0\okio-1.13.0.jar;D:\maven3.3.9\repository\com\google\android\android\4.1.1.4\android-4.1.1.4.jar;D:\maven3.3.9\repository\org\khronos\opengl-api\gl1.1-android-2.1_r1\opengl-api-gl1.1-android-2.1_r1.jar;D:\maven3.3.9\repository\xerces\xmlParserAPIs\2.6.2\xmlParserAPIs-2.6.2.jar;D:\maven3.3.9\repository\xpp3\xpp3\1.1.4c\xpp3-1.1.4c.jar;D:\maven3.3.9\repository\org\json\json\20080701\json-20080701.jar;D:\maven3.3.9\repository\com\google\android\support-v4\r7\support-v4-r7.jar;D:\maven3.3.9\repository\org\pcap4j\pcap4j-core\2.0.0-alpha\pcap4j-core-2.0.0-alpha.jar;D:\maven3.3.9\repository\org\slf4j\slf4j-api\1.7.12\slf4j-api-1.7.12.jar;D:\maven3.3.9\repository\net\java\dev\jna\jna\4.2.1\jna-4.2.1.jar;D:\maven3.3.9\repository\org\pcap4j\pcap4j-packetfactory-static\2.0.0-alpha\pcap4j-packetfactory-static-2.0.0-alpha.jar;D:\maven3.3.9\repository\com\github\vidstige\jadb\v1.0.1\jadb-v1.0.1.jar;D:\maven3.3.9\repository\org\slf4j\slf4j-log4j12\1.6.5\slf4j-log4j12-1.6.5.jar;D:\maven3.3.9\repository\log4j\log4j\1.2.17\log4j-1.2.17.jar;D:\maven3.3.9\repository\org\yaml\snakeyaml\1.17\snakeyaml-1.17.jar;D:\maven3.3.9\repository\com\jcraft\jsch\0.1.54\jsch-0.1.54.jar;D:\maven3.3.9\repository\com\google\code\gson\gson\2.8.2\gson-2.8.2.jar;D:\maven3.3.9\repository\io\pkts\pkts-core\3.0.0\pkts-core-3.0.0.jar;D:\maven3.3.9\repository\io\pkts\pkts-buffers\3.0.0\pkts-buffers-3.0.0.jar;D:\maven3.3.9\repository\io\pkts\pkts-sip\3.0.0\pkts-sip-3.0.0.jar;D:\maven3.3.9\repository\io\pkts\pkts-sdp\3.0.0\pkts-sdp-3.0.0.jar;D:\maven3.3.9\repository\javax\sip\jain-sip-ri\1.2.159\jain-sip-ri-1.2.159.jar;D:\maven3.3.9\repository\io\pkts\pkts-streams\3.0.0\pkts-streams-3.0.0.jar;D:\maven3.3.9\repository\net\floatingsun\jetcd\0.3.1\jetcd-0.3.1.jar;D:\maven3.3.9\repository\com\squareup\retrofit\converter-jackson\1.7.0\converter-jackson-1.7.0.jar;D:\maven3.3.9\repository\com\fasterxml\jackson\core\jackson-databind\2.4.3\jackson-databind-2.4.3.jar;D:\maven3.3.9\repository\com\fasterxml\jackson\core\jackson-annotations\2.4.0\jackson-annotations-2.4.0.jar;D:\maven3.3.9\repository\com\fasterxml\jackson\core\jackson-core\2.4.3\jackson-core-2.4.3.jar;D:\maven3.3.9\repository\com\squareup\retrofit\retrofit\1.7.1\retrofit-1.7.1.jar;D:\maven3.3.9\repository\org\apache\maven\surefire\surefire-testng-utils\2.20.1\surefire-testng-utils-2.20.1.jar;D:\maven3.3.9\repository\org\apache\maven\surefire\surefire-grouper\2.20.1\surefire-grouper-2.20.1.jar;"/>
    <property name="java.vm.vendor" value="Oracle Corporation"/>
    <property name="sun.arch.data.model" value="64"/>
    <property name="user.variant" value=""/>
    <property name="java.vendor.url" value="http://java.oracle.com/"/>
    <property name="user.timezone" value="Asia/Shanghai"/>
    <property name="java.vm.specification.version" value="1.8"/>
    <property name="os.name" value="Windows 7"/>
    <property name="user.country" value="CN"/>
    <property name="sun.java.launcher" value="SUN_STANDARD"/>
    <property name="sun.boot.library.path" value="C:\Program Files\Java\jdk1.8.0_11\jre\bin"/>
    <property name="sun.java.command" value="C:\Users\YUNSHA~1\AppData\Local\Temp\surefire2871883181177637039\surefirebooter1151431434974670213.jar C:\Users\yunshang001\AppData\Local\Temp\surefire2871883181177637039 2018-03-09T17-14-00_352-jvmRun1 surefire5602363864453769933tmp surefire_06238533358337394961tmp"/>
    <property name="surefire.test.class.path" value="d:\gitCode\maple\target\test-classes;d:\gitCode\maple\target\classes;D:\maven3.3.9\repository\org\testng\testng\6.14.2\testng-6.14.2.jar;D:\maven3.3.9\repository\com\beust\jcommander\1.72\jcommander-1.72.jar;D:\maven3.3.9\repository\org\apache-extras\beanshell\bsh\2.0b6\bsh-2.0b6.jar;D:\maven3.3.9\repository\io\appium\java-client\6.0.0-BETA4\java-client-6.0.0-BETA4.jar;D:\maven3.3.9\repository\org\seleniumhq\selenium\selenium-java\3.9.1\selenium-java-3.9.1.jar;D:\maven3.3.9\repository\org\seleniumhq\selenium\selenium-chrome-driver\3.9.1\selenium-chrome-driver-3.9.1.jar;D:\maven3.3.9\repository\org\seleniumhq\selenium\selenium-edge-driver\3.9.1\selenium-edge-driver-3.9.1.jar;D:\maven3.3.9\repository\org\seleniumhq\selenium\selenium-firefox-driver\3.9.1\selenium-firefox-driver-3.9.1.jar;D:\maven3.3.9\repository\org\seleniumhq\selenium\selenium-ie-driver\3.9.1\selenium-ie-driver-3.9.1.jar;D:\maven3.3.9\repository\org\seleniumhq\selenium\selenium-opera-driver\3.9.1\selenium-opera-driver-3.9.1.jar;D:\maven3.3.9\repository\org\seleniumhq\selenium\selenium-safari-driver\3.9.1\selenium-safari-driver-3.9.1.jar;D:\maven3.3.9\repository\org\seleniumhq\selenium\selenium-support\3.9.1\selenium-support-3.9.1.jar;D:\maven3.3.9\repository\org\seleniumhq\selenium\selenium-api\3.9.1\selenium-api-3.9.1.jar;D:\maven3.3.9\repository\org\apache\httpcomponents\httpclient\4.5.5\httpclient-4.5.5.jar;D:\maven3.3.9\repository\cglib\cglib\3.2.6\cglib-3.2.6.jar;D:\maven3.3.9\repository\org\ow2\asm\asm\6.0\asm-6.0.jar;D:\maven3.3.9\repository\org\apache\ant\ant\1.9.6\ant-1.9.6.jar;D:\maven3.3.9\repository\org\apache\ant\ant-launcher\1.9.6\ant-launcher-1.9.6.jar;D:\maven3.3.9\repository\commons-validator\commons-validator\1.6\commons-validator-1.6.jar;D:\maven3.3.9\repository\commons-beanutils\commons-beanutils\1.9.2\commons-beanutils-1.9.2.jar;D:\maven3.3.9\repository\commons-digester\commons-digester\1.8.1\commons-digester-1.8.1.jar;D:\maven3.3.9\repository\commons-collections\commons-collections\3.2.2\commons-collections-3.2.2.jar;D:\maven3.3.9\repository\org\apache\commons\commons-lang3\3.7\commons-lang3-3.7.jar;D:\maven3.3.9\repository\commons-io\commons-io\2.6\commons-io-2.6.jar;D:\maven3.3.9\repository\org\springframework\spring-context\5.0.3.RELEASE\spring-context-5.0.3.RELEASE.jar;D:\maven3.3.9\repository\org\springframework\spring-aop\5.0.3.RELEASE\spring-aop-5.0.3.RELEASE.jar;D:\maven3.3.9\repository\org\springframework\spring-beans\5.0.3.RELEASE\spring-beans-5.0.3.RELEASE.jar;D:\maven3.3.9\repository\org\springframework\spring-core\5.0.3.RELEASE\spring-core-5.0.3.RELEASE.jar;D:\maven3.3.9\repository\org\springframework\spring-jcl\5.0.3.RELEASE\spring-jcl-5.0.3.RELEASE.jar;D:\maven3.3.9\repository\org\springframework\spring-expression\5.0.3.RELEASE\spring-expression-5.0.3.RELEASE.jar;D:\maven3.3.9\repository\org\aspectj\aspectjweaver\1.8.13\aspectjweaver-1.8.13.jar;D:\maven3.3.9\repository\org\openpnp\opencv\3.2.0-1\opencv-3.2.0-1.jar;D:\maven3.3.9\repository\org\seleniumhq\selenium\selenium-remote-driver\3.10.0\selenium-remote-driver-3.10.0.jar;D:\maven3.3.9\repository\net\bytebuddy\byte-buddy\1.7.9\byte-buddy-1.7.9.jar;D:\maven3.3.9\repository\org\apache\commons\commons-exec\1.3\commons-exec-1.3.jar;D:\maven3.3.9\repository\commons-codec\commons-codec\1.10\commons-codec-1.10.jar;D:\maven3.3.9\repository\commons-logging\commons-logging\1.2\commons-logging-1.2.jar;D:\maven3.3.9\repository\com\google\guava\guava\23.6-jre\guava-23.6-jre.jar;D:\maven3.3.9\repository\com\google\code\findbugs\jsr305\1.3.9\jsr305-1.3.9.jar;D:\maven3.3.9\repository\org\checkerframework\checker-compat-qual\2.0.0\checker-compat-qual-2.0.0.jar;D:\maven3.3.9\repository\com\google\errorprone\error_prone_annotations\2.1.3\error_prone_annotations-2.1.3.jar;D:\maven3.3.9\repository\com\google\j2objc\j2objc-annotations\1.1\j2objc-annotations-1.1.jar;D:\maven3.3.9\repository\org\codehaus\mojo\animal-sniffer-annotations\1.14\animal-sniffer-annotations-1.14.jar;D:\maven3.3.9\repository\org\apache\httpcomponents\httpcore\4.4.6\httpcore-4.4.6.jar;D:\maven3.3.9\repository\com\squareup\okhttp3\okhttp\3.9.1\okhttp-3.9.1.jar;D:\maven3.3.9\repository\com\squareup\okio\okio\1.13.0\okio-1.13.0.jar;D:\maven3.3.9\repository\com\google\android\android\4.1.1.4\android-4.1.1.4.jar;D:\maven3.3.9\repository\org\khronos\opengl-api\gl1.1-android-2.1_r1\opengl-api-gl1.1-android-2.1_r1.jar;D:\maven3.3.9\repository\xerces\xmlParserAPIs\2.6.2\xmlParserAPIs-2.6.2.jar;D:\maven3.3.9\repository\xpp3\xpp3\1.1.4c\xpp3-1.1.4c.jar;D:\maven3.3.9\repository\org\json\json\20080701\json-20080701.jar;D:\maven3.3.9\repository\com\google\android\support-v4\r7\support-v4-r7.jar;D:\maven3.3.9\repository\org\pcap4j\pcap4j-core\2.0.0-alpha\pcap4j-core-2.0.0-alpha.jar;D:\maven3.3.9\repository\org\slf4j\slf4j-api\1.7.12\slf4j-api-1.7.12.jar;D:\maven3.3.9\repository\net\java\dev\jna\jna\4.2.1\jna-4.2.1.jar;D:\maven3.3.9\repository\org\pcap4j\pcap4j-packetfactory-static\2.0.0-alpha\pcap4j-packetfactory-static-2.0.0-alpha.jar;D:\maven3.3.9\repository\com\github\vidstige\jadb\v1.0.1\jadb-v1.0.1.jar;D:\maven3.3.9\repository\org\slf4j\slf4j-log4j12\1.6.5\slf4j-log4j12-1.6.5.jar;D:\maven3.3.9\repository\log4j\log4j\1.2.17\log4j-1.2.17.jar;D:\maven3.3.9\repository\org\yaml\snakeyaml\1.17\snakeyaml-1.17.jar;D:\maven3.3.9\repository\com\jcraft\jsch\0.1.54\jsch-0.1.54.jar;D:\maven3.3.9\repository\com\google\code\gson\gson\2.8.2\gson-2.8.2.jar;D:\maven3.3.9\repository\io\pkts\pkts-core\3.0.0\pkts-core-3.0.0.jar;D:\maven3.3.9\repository\io\pkts\pkts-buffers\3.0.0\pkts-buffers-3.0.0.jar;D:\maven3.3.9\repository\io\pkts\pkts-sip\3.0.0\pkts-sip-3.0.0.jar;D:\maven3.3.9\repository\io\pkts\pkts-sdp\3.0.0\pkts-sdp-3.0.0.jar;D:\maven3.3.9\repository\javax\sip\jain-sip-ri\1.2.159\jain-sip-ri-1.2.159.jar;D:\maven3.3.9\repository\io\pkts\pkts-streams\3.0.0\pkts-streams-3.0.0.jar;D:\maven3.3.9\repository\net\floatingsun\jetcd\0.3.1\jetcd-0.3.1.jar;D:\maven3.3.9\repository\com\squareup\retrofit\converter-jackson\1.7.0\converter-jackson-1.7.0.jar;D:\maven3.3.9\repository\com\fasterxml\jackson\core\jackson-databind\2.4.3\jackson-databind-2.4.3.jar;D:\maven3.3.9\repository\com\fasterxml\jackson\core\jackson-annotations\2.4.0\jackson-annotations-2.4.0.jar;D:\maven3.3.9\repository\com\fasterxml\jackson\core\jackson-core\2.4.3\jackson-core-2.4.3.jar;D:\maven3.3.9\repository\com\squareup\retrofit\retrofit\1.7.1\retrofit-1.7.1.jar;D:\maven3.3.9\repository\org\apache\maven\surefire\surefire-testng-utils\2.20.1\surefire-testng-utils-2.20.1.jar;D:\maven3.3.9\repository\org\apache\maven\surefire\surefire-grouper\2.20.1\surefire-grouper-2.20.1.jar;"/>
    <property name="sun.cpu.endian" value="little"/>
    <property name="user.home" value="C:\Users\yunshang001"/>
    <property name="user.language" value="zh"/>
    <property name="java.specification.vendor" value="Oracle Corporation"/>
    <property name="java.home" value="C:\Program Files\Java\jdk1.8.0_11\jre"/>
    <property name="basedir" value="d:\gitCode\maple"/>
    <property name="file.separator" value="\"/>
    <property name="line.separator" value="&#10;"/>
    <property name="java.vm.specification.vendor" value="Oracle Corporation"/>
    <property name="java.specification.name" value="Java Platform API Specification"/>
    <property name="java.awt.graphicsenv" value="sun.awt.Win32GraphicsEnvironment"/>
    <property name="surefire.real.class.path" value="C:\Users\YUNSHA~1\AppData\Local\Temp\surefire2871883181177637039\surefirebooter1151431434974670213.jar"/>
    <property name="sun.boot.class.path" value="C:\Program Files\Java\jdk1.8.0_11\jre\lib\resources.jar;C:\Program Files\Java\jdk1.8.0_11\jre\lib\rt.jar;C:\Program Files\Java\jdk1.8.0_11\jre\lib\sunrsasign.jar;C:\Program Files\Java\jdk1.8.0_11\jre\lib\jsse.jar;C:\Program Files\Java\jdk1.8.0_11\jre\lib\jce.jar;C:\Program Files\Java\jdk1.8.0_11\jre\lib\charsets.jar;C:\Program Files\Java\jdk1.8.0_11\jre\lib\jfr.jar;C:\Program Files\Java\jdk1.8.0_11\jre\classes"/>
    <property name="user.script" value=""/>
    <property name="sun.management.compiler" value="HotSpot 64-Bit Tiered Compilers"/>
    <property name="java.runtime.version" value="1.8.0_11-b12"/>
    <property name="user.name" value="yunshang001"/>
    <property name="path.separator" value=";"/>
    <property name="os.version" value="6.1"/>
    <property name="java.endorsed.dirs" value="C:\Program Files\Java\jdk1.8.0_11\jre\lib\endorsed"/>
    <property name="java.runtime.name" value="Java(TM) SE Runtime Environment"/>
    <property name="file.encoding" value="GBK"/>
    <property name="java.vm.name" value="Java HotSpot(TM) 64-Bit Server VM"/>
    <property name="localRepository" value="D:\maven3.3.9\repository"/>
    <property name="java.vendor.url.bug" value="http://bugreport.sun.com/bugreport/"/>
    <property name="java.io.tmpdir" value="C:\Users\YUNSHA~1\AppData\Local\Temp\"/>
    <property name="java.version" value="1.8.0_11"/>
    <property name="user.dir" value="d:\gitCode\maple"/>
    <property name="os.arch" value="amd64"/>
    <property name="java.vm.specification.name" value="Java Virtual Machine Specification"/>
    <property name="java.awt.printerjob" value="sun.awt.windows.WPrinterJob"/>
    <property name="sun.os.patch.level" value="Service Pack 1"/>
    <property name="java.library.path" value="C:\Program Files\Java\jdk1.8.0_11\jre\bin;C:\Windows\Sun\Java\bin;C:\Windows\system32;C:\Windows;C:\Python27;C:\Python27\Scripts;C:\Windows\system32;C:\Windows;C:\Windows\System32\Wbem;C:\Windows\System32\WindowsPowerShell\v1.0\;c:\Program Files (x86)\Microsoft SQL Server\90\Tools\binn\;E:\Windows7Master;D:\Windows7Master;C:\Program Files\Java\jdk1.8.0_11\bin;D:\Program Files\apache-maven-3.3.9\bin;C:\Program Files\Git\bin;C:\Program Files (x86)\Expect-5.21\bin;C:\jython2.5.3\bin;C:\Program Files (x86)\sbt\bin;C:\strawberry\c\bin;C:\strawberry\perl\bin;C:\cygwin64\bin;D:\Program Files\Node\node;D:\Program Files\Node\npm-global;D:\tools\platform-tools;C:\Program Files\Wireshark;C:\Users\yunshang001\AppData\Local\Android\Sdk\tools\;C:\Users\yunshang001\AppData\Local\Android\Sdk\platform-tools;C:\Program Files (x86)\Appium;C:\MinGW\bin;D:\Program Files\Anaconda2;D:\Program Files\Anaconda2\Scripts;D:\Program Files\Anaconda2\Library\bin;C:\Tcl\bin;C:\Python27;C:\Python27\Scripts;C:\Windows\system32;C:\Windows;C:\Windows\System32\Wbem;C:\Windows\System32\WindowsPowerShell\v1.0\;c:\Program Files (x86)\Microsoft SQL Server\90\Tools\binn\;E:\Windows7Master;D:\Windows7Master;C:\Program Files\Java\jdk1.8.0_11\bin;D:\Program Files\apache-maven-3.3.9\bin;C:\Program Files\Git\bin;C:\Program Files (x86)\Expect-5.21\bin;C:\jython2.5.3\bin;C:\Program Files (x86)\sbt\bin;C:\strawberry\c\bin;C:\strawberry\perl\bin;C:\cygwin64\bin;D:\Program Files\Node\node;D:\Program Files\Node\npm-global;D:\tools\platform-tools;C:\Program Files\Wireshark;C:\Users\yunshang001\AppData\Local\Android\Sdk\tools\;C:\Users\yunshang001\AppData\Local\Android\Sdk\platform-tools;C:\Program Files (x86)\Appium;C:\MinGW\bin;."/>
    <property name="java.vm.info" value="mixed mode"/>
    <property name="java.vendor" value="Oracle Corporation"/>
    <property name="java.vm.version" value="25.11-b03"/>
    <property name="java.ext.dirs" value="C:\Program Files\Java\jdk1.8.0_11\jre\lib\ext;C:\Windows\Sun\Java\lib\ext"/>
    <property name="sun.io.unicode.encoding" value="UnicodeLittle"/>
    <property name="java.class.version" value="52.0"/>
  </properties>
  <testcase name="testFirstStart" classname="com.yunshang.InitTest" time="2.681"/>
</testsuite>