<?xml version="1.0" encoding="UTF-8"?>
<!-- Generated by org.testng.reporters.JUnitReportReporter -->
<testsuite skipped="0" hostname="SKY-20160421DSO" name="com.yunshang.P2PSwitchTest" tests="1" failures="0" timestamp="07 二月 2018 02:01:40 GMT" time="16.013" errors="1">
  <testcase name="testP2pEnablePlay" time="16.013" classname="com.yunshang.P2PSwitchTest">
    <error type="retrofit.RetrofitError" message="connect timed out">
      <![CDATA[retrofit.RetrofitError: connect timed out
at retrofit.RetrofitError.networkError(RetrofitError.java:27)
at retrofit.RestAdapter$RestHandler.invokeRequest(RestAdapter.java:390)
at retrofit.RestAdapter$RestHandler.invoke(RestAdapter.java:240)
at jetcd.$Proxy7.set(Unknown Source)
at jetcd.EtcdClientImpl.set(EtcdClientImpl.java:75)
at com.androidtest.etcdcontrol.EtcdFactory.setKey(EtcdFactory.java:34)
at com.yunshang.P2PSwitchTest.testP2pEnablePlay(P2PSwitchTest.java:44)
at sun.reflect.NativeMethodAccessorImpl.invoke0(Native Method)
at sun.reflect.NativeMethodAccessorImpl.invoke(NativeMethodAccessorImpl.java:62)
at sun.reflect.DelegatingMethodAccessorImpl.invoke(DelegatingMethodAccessorImpl.java:43)
at java.lang.reflect.Method.invoke(Method.java:483)
at org.testng.internal.MethodInvocationHelper.invokeMethod(MethodInvocationHelper.java:124)
at org.testng.internal.Invoker.invokeMethod(Invoker.java:580)
at org.testng.internal.Invoker.invokeTestMethod(Invoker.java:716)
at org.testng.internal.Invoker.invokeTestMethods(Invoker.java:988)
at org.testng.internal.TestMethodWorker.invokeTestMethods(TestMethodWorker.java:125)
at org.testng.internal.TestMethodWorker.run(TestMethodWorker.java:109)
at org.testng.TestRunner.privateRun(TestRunner.java:648)
at org.testng.TestRunner.run(TestRunner.java:505)
at org.testng.SuiteRunner.runTest(SuiteRunner.java:455)
at org.testng.SuiteRunner.access$000(SuiteRunner.java:40)
at org.testng.SuiteRunner$SuiteWorker.run(SuiteRunner.java:489)
at org.testng.internal.thread.ThreadUtil$1.call(ThreadUtil.java:52)
at java.util.concurrent.FutureTask.run(FutureTask.java:266)
at java.util.concurrent.ThreadPoolExecutor.runWorker(ThreadPoolExecutor.java:1142)
at java.util.concurrent.ThreadPoolExecutor$Worker.run(ThreadPoolExecutor.java:617)
at java.lang.Thread.run(Thread.java:745)
Caused by: java.net.SocketTimeoutException: connect timed out
at java.net.DualStackPlainSocketImpl.waitForConnect(Native Method)
at java.net.DualStackPlainSocketImpl.socketConnect(DualStackPlainSocketImpl.java:85)
at java.net.AbstractPlainSocketImpl.doConnect(AbstractPlainSocketImpl.java:345)
at java.net.AbstractPlainSocketImpl.connectToAddress(AbstractPlainSocketImpl.java:206)
at java.net.AbstractPlainSocketImpl.connect(AbstractPlainSocketImpl.java:188)
at java.net.PlainSocketImpl.connect(PlainSocketImpl.java:172)
at java.net.SocksSocketImpl.connect(SocksSocketImpl.java:392)
at java.net.Socket.connect(Socket.java:589)
at sun.net.NetworkClient.doConnect(NetworkClient.java:175)
at sun.net.www.http.HttpClient.openServer(HttpClient.java:432)
at sun.net.www.http.HttpClient.openServer(HttpClient.java:527)
at sun.net.www.http.HttpClient.<init>(HttpClient.java:211)
at sun.net.www.http.HttpClient.New(HttpClient.java:308)
at sun.net.www.http.HttpClient.New(HttpClient.java:326)
at sun.net.www.protocol.http.HttpURLConnection.getNewHttpClient(HttpURLConnection.java:1167)
at sun.net.www.protocol.http.HttpURLConnection.plainConnect0(HttpURLConnection.java:1103)
at sun.net.www.protocol.http.HttpURLConnection.plainConnect(HttpURLConnection.java:997)
at sun.net.www.protocol.http.HttpURLConnection.connect(HttpURLConnection.java:931)
at sun.net.www.protocol.http.HttpURLConnection.getOutputStream0(HttpURLConnection.java:1281)
at sun.net.www.protocol.http.HttpURLConnection.getOutputStream(HttpURLConnection.java:1256)
at retrofit.client.UrlConnectionClient.prepareRequest(UrlConnectionClient.java:68)
at retrofit.client.UrlConnectionClient.execute(UrlConnectionClient.java:37)
at retrofit.RestAdapter$RestHandler.invokeRequest(RestAdapter.java:321)
... 25 more
]]>
    </error>
  </testcase> <!-- testP2pEnablePlay -->
</testsuite> <!-- com.yunshang.P2PSwitchTest -->
