<?xml version="1.0" encoding="UTF-8"?>
<!-- Generated by org.testng.reporters.JUnitReportReporter -->
<testsuite skipped="0" hostname="SKY-20160421DSO" name="com.yunshang.TestLoginProcess" tests="3" failures="0" timestamp="09 一月 2018 12:13:56 GMT" time="27.245" errors="0">
  <testcase name="testLoginSuccess" time="12.198" classname="com.yunshang.TestLoginProcess"/>
  <testcase name="testLoginRequestContent" time="7.803" classname="com.yunshang.TestLoginProcess"/>
  <testcase name="testLoginSendLoginRequest" time="7.244" classname="com.yunshang.TestLoginProcess"/>
</testsuite> <!-- com.yunshang.TestLoginProcess -->
