<?xml version="1.0" encoding="UTF-8"?>
<!-- Generated by org.testng.reporters.JUnitReportReporter -->
<testsuite skipped="0" hostname="SKY-20160421DSO" name="com.yunshang.InitTest" tests="1" failures="0" timestamp="09 三月 2018 09:14:15 GMT" time="3.884" errors="0">
  <testcase name="testFirstStart" time="3.884" classname="com.yunshang.InitTest"/>
</testsuite> <!-- com.yunshang.InitTest -->
