<?xml version="1.0" encoding="UTF-8"?>
<!-- Generated by org.testng.reporters.JUnitReportReporter -->
<testsuite skipped="1" hostname="SKY-20160421DSO" name="com.yunshang.TestReleasePacket" tests="3" failures="0" timestamp="09 一月 2018 12:13:56 GMT" time="11.549" errors="0">
  <testcase name="testlsmQuota" time="5.945" classname="com.yunshang.TestReleasePacket"/>
  <testcase name="testsdkVersionNumber" time="5.604" classname="com.yunshang.TestReleasePacket"/>
  <testcase name="testsdkReleaseCheck" classname="com.yunshang.TestReleasePacket">
    <skipped/>
  </testcase> <!-- testsdkReleaseCheck -->
</testsuite> <!-- com.yunshang.TestReleasePacket -->
